<?xml version="1.0" encoding="UTF-8"?>
<!-- Generated by org.testng.reporters.JUnitReportReporter -->
<testsuite skipped="0" hostname="SANGEETHA-PC" name="Test.CampusNewsTest" tests="1" failures="0" timestamp="15 Aug 2020 14:48:30 GMT" time="53.141" errors="0">
  <testcase name="validateTC_CN_005" time="53.141" classname="Test.CampusNewsTest"/>
</testsuite> <!-- Test.CampusNewsTest -->
