<?xml version="1.0" encoding="UTF-8"?>
<!-- Generated by org.testng.reporters.JUnitReportReporter -->
<testsuite skipped="5" hostname="SANGEETHA-PC" name="Test.NotificationTest" tests="6" failures="0" timestamp="10 Aug 2020 17:57:29 GMT" time="69.996" errors="0">
  <testcase name="validateTC_N_017" time="69.996" classname="Test.NotificationTest"/>
  <testcase name="validateTC_N_013" classname="Test.NotificationTest">
    <skipped/>
  </testcase> <!-- validateTC_N_013 -->
  <testcase name="validateTC_N_007" classname="Test.NotificationTest">
    <skipped/>
  </testcase> <!-- validateTC_N_007 -->
  <testcase name="validateTC_N_003" classname="Test.NotificationTest">
    <skipped/>
  </testcase> <!-- validateTC_N_003 -->
  <testcase name="validateTC_N_004" classname="Test.NotificationTest">
    <skipped/>
  </testcase> <!-- validateTC_N_004 -->
  <testcase name="validateTC_N_015" classname="Test.NotificationTest">
    <skipped/>
  </testcase> <!-- validateTC_N_015 -->
</testsuite> <!-- Test.NotificationTest -->
