<?xml version="1.0" encoding="UTF-8"?>
<!-- Generated by org.testng.reporters.JUnitReportReporter -->
<testsuite skipped="0" hostname="SANGEETHA-PC" name="Test.AudienceTest" tests="1" failures="0" timestamp="29 Jul 2020 14:58:30 GMT" time="89.970" errors="0">
  <testcase name="validateTC_AP_029" time="89.970" classname="Test.AudienceTest"/>
</testsuite> <!-- Test.AudienceTest -->
