<?xml version="1.0" encoding="UTF-8"?>
<!-- Generated by org.testng.reporters.JUnitReportReporter -->
<testsuite skipped="8" hostname="SANGEETHA-PC" name="Test.NotificationTest" tests="9" failures="0" timestamp="11 Aug 2020 16:07:37 GMT" time="72.410" errors="0">
  <testcase name="validateTC_N_029" time="72.410" classname="Test.NotificationTest"/>
  <testcase name="validateTC_N_013" classname="Test.NotificationTest">
    <skipped/>
  </testcase> <!-- validateTC_N_013 -->
  <testcase name="validateTC_N_020" classname="Test.NotificationTest">
    <skipped/>
  </testcase> <!-- validateTC_N_020 -->
  <testcase name="validateTC_N_007" classname="Test.NotificationTest">
    <skipped/>
  </testcase> <!-- validateTC_N_007 -->
  <testcase name="validateTC_N_028" classname="Test.NotificationTest">
    <skipped/>
  </testcase> <!-- validateTC_N_028 -->
  <testcase name="validateTC_N_017" classname="Test.NotificationTest">
    <skipped/>
  </testcase> <!-- validateTC_N_017 -->
  <testcase name="validateTC_N_003" classname="Test.NotificationTest">
    <skipped/>
  </testcase> <!-- validateTC_N_003 -->
  <testcase name="validateTC_N_004" classname="Test.NotificationTest">
    <skipped/>
  </testcase> <!-- validateTC_N_004 -->
  <testcase name="validateTC_N_015" classname="Test.NotificationTest">
    <skipped/>
  </testcase> <!-- validateTC_N_015 -->
</testsuite> <!-- Test.NotificationTest -->
