<?xml version="1.0" encoding="UTF-8"?>
<!-- Generated by org.testng.reporters.JUnitReportReporter -->
<testsuite skipped="7" hostname="SANGEETHA-PC" name="Test.AudienceTest" tests="8" failures="0" timestamp="04 Aug 2020 18:11:01 GMT" time="49.540" errors="0">
  <testcase name="vaidateTC_AI_051" time="49.540" classname="Test.AudienceTest"/>
  <testcase name="validateTC_AI_087" classname="Test.AudienceTest">
    <skipped/>
  </testcase> <!-- validateTC_AI_087 -->
  <testcase name="validateTC_AP_029" classname="Test.AudienceTest">
    <skipped/>
  </testcase> <!-- validateTC_AP_029 -->
  <testcase name="validateTC_AI_066" classname="Test.AudienceTest">
    <skipped/>
  </testcase> <!-- validateTC_AI_066 -->
  <testcase name="validateTC_AP_074" classname="Test.AudienceTest">
    <skipped/>
  </testcase> <!-- validateTC_AP_074 -->
  <testcase name="validateTC_AI_086" classname="Test.AudienceTest">
    <skipped/>
  </testcase> <!-- validateTC_AI_086 -->
  <testcase name="validateTC_AP_064" classname="Test.AudienceTest">
    <skipped/>
  </testcase> <!-- validateTC_AP_064 -->
  <testcase name="validateTC_AI_073" classname="Test.AudienceTest">
    <skipped/>
  </testcase> <!-- validateTC_AI_073 -->
</testsuite> <!-- Test.AudienceTest -->
