<?xml version="1.0" encoding="UTF-8"?>
<!-- Generated by org.testng.reporters.JUnitReportReporter -->
<testsuite skipped="12" hostname="SANGEETHA-PC" name="Test.NotificationTest" tests="13" failures="0" timestamp="14 Aug 2020 11:29:46 GMT" time="68.113" errors="0">
  <testcase name="validateTC_N_046" time="68.113" classname="Test.NotificationTest"/>
  <testcase name="validateTC_N_013" classname="Test.NotificationTest">
    <skipped/>
  </testcase> <!-- validateTC_N_013 -->
  <testcase name="validateTC_N_033" classname="Test.NotificationTest">
    <skipped/>
  </testcase> <!-- validateTC_N_033 -->
  <testcase name="validateTC_N_020" classname="Test.NotificationTest">
    <skipped/>
  </testcase> <!-- validateTC_N_020 -->
  <testcase name="validateTC_N_040" classname="Test.NotificationTest">
    <skipped/>
  </testcase> <!-- validateTC_N_040 -->
  <testcase name="validateTC_N_029" classname="Test.NotificationTest">
    <skipped/>
  </testcase> <!-- validateTC_N_029 -->
  <testcase name="validateTC_N_007" classname="Test.NotificationTest">
    <skipped/>
  </testcase> <!-- validateTC_N_007 -->
  <testcase name="validateTC_N_028" classname="Test.NotificationTest">
    <skipped/>
  </testcase> <!-- validateTC_N_028 -->
  <testcase name="validateTC_N_017" classname="Test.NotificationTest">
    <skipped/>
  </testcase> <!-- validateTC_N_017 -->
  <testcase name="validateTC_N_003" classname="Test.NotificationTest">
    <skipped/>
  </testcase> <!-- validateTC_N_003 -->
  <testcase name="validateTC_N_004" classname="Test.NotificationTest">
    <skipped/>
  </testcase> <!-- validateTC_N_004 -->
  <testcase name="validateTC_N_015" classname="Test.NotificationTest">
    <skipped/>
  </testcase> <!-- validateTC_N_015 -->
  <testcase name="validateTC_N_045" classname="Test.NotificationTest">
    <skipped/>
  </testcase> <!-- validateTC_N_045 -->
</testsuite> <!-- Test.NotificationTest -->
