<?xml version="1.0" encoding="UTF-8"?>
<!-- Generated by org.testng.reporters.JUnitReportReporter -->
<testsuite skipped="33" hostname="SANGEETHA-PC" name="Test.AudienceTest" tests="34" failures="0" timestamp="18 Aug 2020 13:23:12 GMT" time="128.070" errors="0">
  <testcase name="validateTC_AI_087" time="128.070" classname="Test.AudienceTest"/>
  <testcase name="vaidateTC_AG_008" classname="Test.AudienceTest">
    <skipped/>
  </testcase> <!-- vaidateTC_AG_008 -->
  <testcase name="validateTC_AP_029" classname="Test.AudienceTest">
    <skipped/>
  </testcase> <!-- validateTC_AP_029 -->
  <testcase name="vaidateTC_AI_051" classname="Test.AudienceTest">
    <skipped/>
  </testcase> <!-- vaidateTC_AI_051 -->
  <testcase name="vaidateTC_AG_013" classname="Test.AudienceTest">
    <skipped/>
  </testcase> <!-- vaidateTC_AG_013 -->
  <testcase name="vaidateTC_AI_091" classname="Test.AudienceTest">
    <skipped/>
  </testcase> <!-- vaidateTC_AI_091 -->
  <testcase name="vaidateTC_AP_006" classname="Test.AudienceTest">
    <skipped/>
  </testcase> <!-- vaidateTC_AP_006 -->
  <testcase name="vaidateTC_AP_007" classname="Test.AudienceTest">
    <skipped/>
  </testcase> <!-- vaidateTC_AP_007 -->
  <testcase name="vaidateTC_AP_027" classname="Test.AudienceTest">
    <skipped/>
  </testcase> <!-- vaidateTC_AP_027 -->
  <testcase name="validateTC_AI_064" classname="Test.AudienceTest">
    <skipped/>
  </testcase> <!-- validateTC_AI_064 -->
  <testcase name="validateTC_AI_086" classname="Test.AudienceTest">
    <skipped/>
  </testcase> <!-- validateTC_AI_086 -->
  <testcase name="vaidateTC_AG_033" classname="Test.AudienceTest">
    <skipped/>
  </testcase> <!-- vaidateTC_AG_033 -->
  <testcase name="vaidateTC_AG_011" classname="Test.AudienceTest">
    <skipped/>
  </testcase> <!-- vaidateTC_AG_011 -->
  <testcase name="vaidateTC_AG_015" classname="Test.AudienceTest">
    <skipped/>
  </testcase> <!-- vaidateTC_AG_015 -->
  <testcase name="vaidateTC_AG_014" classname="Test.AudienceTest">
    <skipped/>
  </testcase> <!-- vaidateTC_AG_014 -->
  <testcase name="vaidateTC_AG_016" classname="Test.AudienceTest">
    <skipped/>
  </testcase> <!-- vaidateTC_AG_016 -->
  <testcase name="vaidateTC_AI_089" classname="Test.AudienceTest">
    <skipped/>
  </testcase> <!-- vaidateTC_AI_089 -->
  <testcase name="vaidateTC_AP_032" classname="Test.AudienceTest">
    <skipped/>
  </testcase> <!-- vaidateTC_AP_032 -->
  <testcase name="vaidateTC_AP_010" classname="Test.AudienceTest">
    <skipped/>
  </testcase> <!-- vaidateTC_AP_010 -->
  <testcase name="vaidateTC_AI_020" classname="Test.AudienceTest">
    <skipped/>
  </testcase> <!-- vaidateTC_AI_020 -->
  <testcase name="vaidateTC_AP_013" classname="Test.AudienceTest">
    <skipped/>
  </testcase> <!-- vaidateTC_AP_013 -->
  <testcase name="vaidateTC_AP_014" classname="Test.AudienceTest">
    <skipped/>
  </testcase> <!-- vaidateTC_AP_014 -->
  <testcase name="vaidateTC_AP_036" classname="Test.AudienceTest">
    <skipped/>
  </testcase> <!-- vaidateTC_AP_036 -->
  <testcase name="vaidateTC_AP_033" classname="Test.AudienceTest">
    <skipped/>
  </testcase> <!-- vaidateTC_AP_033 -->
  <testcase name="vaidateTC_AP_011" classname="Test.AudienceTest">
    <skipped/>
  </testcase> <!-- vaidateTC_AP_011 -->
  <testcase name="vaidateTC_AP_034" classname="Test.AudienceTest">
    <skipped/>
  </testcase> <!-- vaidateTC_AP_034 -->
  <testcase name="vaidateTC_AP_012" classname="Test.AudienceTest">
    <skipped/>
  </testcase> <!-- vaidateTC_AP_012 -->
  <testcase name="vaidateTC_AP_018" classname="Test.AudienceTest">
    <skipped/>
  </testcase> <!-- vaidateTC_AP_018 -->
  <testcase name="validateTC_AI_073" classname="Test.AudienceTest">
    <skipped/>
  </testcase> <!-- validateTC_AI_073 -->
  <testcase name="validateTC_AI_074" classname="Test.AudienceTest">
    <skipped/>
  </testcase> <!-- validateTC_AI_074 -->
  <testcase name="validateTC_AG_021" classname="Test.AudienceTest">
    <skipped/>
  </testcase> <!-- validateTC_AG_021 -->
  <testcase name="vaidateTC_AG_022" classname="Test.AudienceTest">
    <skipped/>
  </testcase> <!-- vaidateTC_AG_022 -->
  <testcase name="vaidateTC_AG_023" classname="Test.AudienceTest">
    <skipped/>
  </testcase> <!-- vaidateTC_AG_023 -->
  <testcase name="vaidateTC_AG_025" classname="Test.AudienceTest">
    <skipped/>
  </testcase> <!-- vaidateTC_AG_025 -->
</testsuite> <!-- Test.AudienceTest -->
