<?xml version="1.0" encoding="UTF-8"?>
<!-- Generated by org.testng.reporters.JUnitReportReporter -->
<testsuite skipped="0" hostname="SANGEETHA-PC" name="Test.NotificationHomeTest" tests="1" failures="0" timestamp="23 May 2020 14:07:16 GMT" time="49.492" errors="0">
  <testcase name="Login" time="49.492" classname="Test.NotificationHomeTest"/>
</testsuite> <!-- Test.NotificationHomeTest -->
