<?xml version="1.0" encoding="UTF-8"?>
<!-- Generated by org.testng.reporters.JUnitReportReporter -->
<testsuite skipped="25" hostname="SANGEETHA-PC" name="Test.AudienceTest" tests="26" failures="0" timestamp="19 Aug 2020 13:58:31 GMT" time="82.417" errors="0">
  <testcase name="vaidateTC_AI_089" time="82.417" classname="Test.AudienceTest"/>
  <testcase name="vaidateTC_AG_008" classname="Test.AudienceTest">
    <skipped/>
  </testcase> <!-- vaidateTC_AG_008 -->
  <testcase name="validateTC_AP_029" classname="Test.AudienceTest">
    <skipped/>
  </testcase> <!-- validateTC_AP_029 -->
  <testcase name="vaidateTC_AG_013" classname="Test.AudienceTest">
    <skipped/>
  </testcase> <!-- vaidateTC_AG_013 -->
  <testcase name="vaidateTC_AP_006" classname="Test.AudienceTest">
    <skipped/>
  </testcase> <!-- vaidateTC_AP_006 -->
  <testcase name="vaidateTC_AP_007" classname="Test.AudienceTest">
    <skipped/>
  </testcase> <!-- vaidateTC_AP_007 -->
  <testcase name="vaidateTC_AP_027" classname="Test.AudienceTest">
    <skipped/>
  </testcase> <!-- vaidateTC_AP_027 -->
  <testcase name="vaidateTC_AG_033" classname="Test.AudienceTest">
    <skipped/>
  </testcase> <!-- vaidateTC_AG_033 -->
  <testcase name="vaidateTC_AG_011" classname="Test.AudienceTest">
    <skipped/>
  </testcase> <!-- vaidateTC_AG_011 -->
  <testcase name="vaidateTC_AG_015" classname="Test.AudienceTest">
    <skipped/>
  </testcase> <!-- vaidateTC_AG_015 -->
  <testcase name="vaidateTC_AG_014" classname="Test.AudienceTest">
    <skipped/>
  </testcase> <!-- vaidateTC_AG_014 -->
  <testcase name="vaidateTC_AG_016" classname="Test.AudienceTest">
    <skipped/>
  </testcase> <!-- vaidateTC_AG_016 -->
  <testcase name="vaidateTC_AP_010" classname="Test.AudienceTest">
    <skipped/>
  </testcase> <!-- vaidateTC_AP_010 -->
  <testcase name="vaidateTC_AP_032" classname="Test.AudienceTest">
    <skipped/>
  </testcase> <!-- vaidateTC_AP_032 -->
  <testcase name="vaidateTC_AP_013" classname="Test.AudienceTest">
    <skipped/>
  </testcase> <!-- vaidateTC_AP_013 -->
  <testcase name="vaidateTC_AP_014" classname="Test.AudienceTest">
    <skipped/>
  </testcase> <!-- vaidateTC_AP_014 -->
  <testcase name="vaidateTC_AP_036" classname="Test.AudienceTest">
    <skipped/>
  </testcase> <!-- vaidateTC_AP_036 -->
  <testcase name="vaidateTC_AP_011" classname="Test.AudienceTest">
    <skipped/>
  </testcase> <!-- vaidateTC_AP_011 -->
  <testcase name="vaidateTC_AP_033" classname="Test.AudienceTest">
    <skipped/>
  </testcase> <!-- vaidateTC_AP_033 -->
  <testcase name="vaidateTC_AP_034" classname="Test.AudienceTest">
    <skipped/>
  </testcase> <!-- vaidateTC_AP_034 -->
  <testcase name="vaidateTC_AP_012" classname="Test.AudienceTest">
    <skipped/>
  </testcase> <!-- vaidateTC_AP_012 -->
  <testcase name="vaidateTC_AP_018" classname="Test.AudienceTest">
    <skipped/>
  </testcase> <!-- vaidateTC_AP_018 -->
  <testcase name="validateTC_AG_021" classname="Test.AudienceTest">
    <skipped/>
  </testcase> <!-- validateTC_AG_021 -->
  <testcase name="vaidateTC_AG_022" classname="Test.AudienceTest">
    <skipped/>
  </testcase> <!-- vaidateTC_AG_022 -->
  <testcase name="vaidateTC_AG_023" classname="Test.AudienceTest">
    <skipped/>
  </testcase> <!-- vaidateTC_AG_023 -->
  <testcase name="vaidateTC_AG_025" classname="Test.AudienceTest">
    <skipped/>
  </testcase> <!-- vaidateTC_AG_025 -->
</testsuite> <!-- Test.AudienceTest -->
