<?xml version="1.0" encoding="UTF-8"?>
<!-- Generated by org.testng.reporters.JUnitReportReporter -->
<testsuite skipped="1" hostname="SANGEETHA-PC" name="Test.AudienceTest" tests="2" failures="0" timestamp="03 Aug 2020 14:22:28 GMT" time="50.286" errors="0">
  <testcase name="validateTC_AP_074" time="50.286" classname="Test.AudienceTest"/>
  <testcase name="validateTC_AP_029" classname="Test.AudienceTest">
    <skipped/>
  </testcase> <!-- validateTC_AP_029 -->
</testsuite> <!-- Test.AudienceTest -->
