<?xml version="1.0" encoding="UTF-8"?>
<!-- Generated by org.testng.reporters.JUnitReportReporter -->
<testsuite skipped="18" hostname="SANGEETHA-PC" name="Test.AudienceTest" tests="19" failures="0" timestamp="06 Aug 2020 15:12:45 GMT" time="62.993" errors="0">
  <testcase name="vaidateTC_AG_014" time="62.993" classname="Test.AudienceTest"/>
  <testcase name="vaidateTC_AG_008" classname="Test.AudienceTest">
    <skipped/>
  </testcase> <!-- vaidateTC_AG_008 -->
  <testcase name="validateTC_AP_029" classname="Test.AudienceTest">
    <skipped/>
  </testcase> <!-- validateTC_AP_029 -->
  <testcase name="vaidateTC_AI_089" classname="Test.AudienceTest">
    <skipped/>
  </testcase> <!-- vaidateTC_AI_089 -->
  <testcase name="vaidateTC_AI_051" classname="Test.AudienceTest">
    <skipped/>
  </testcase> <!-- vaidateTC_AI_051 -->
  <testcase name="vaidateTC_AG_013" classname="Test.AudienceTest">
    <skipped/>
  </testcase> <!-- vaidateTC_AG_013 -->
  <testcase name="vaidateTC_AI_020" classname="Test.AudienceTest">
    <skipped/>
  </testcase> <!-- vaidateTC_AI_020 -->
  <testcase name="vaidateTC_AI_091" classname="Test.AudienceTest">
    <skipped/>
  </testcase> <!-- vaidateTC_AI_091 -->
  <testcase name="validateTC_AI_073" classname="Test.AudienceTest">
    <skipped/>
  </testcase> <!-- validateTC_AI_073 -->
  <testcase name="validateTC_AI_087" classname="Test.AudienceTest">
    <skipped/>
  </testcase> <!-- validateTC_AI_087 -->
  <testcase name="validateTC_AI_066" classname="Test.AudienceTest">
    <skipped/>
  </testcase> <!-- validateTC_AI_066 -->
  <testcase name="validateTC_AP_074" classname="Test.AudienceTest">
    <skipped/>
  </testcase> <!-- validateTC_AP_074 -->
  <testcase name="validateTC_AI_086" classname="Test.AudienceTest">
    <skipped/>
  </testcase> <!-- validateTC_AI_086 -->
  <testcase name="validateTC_AG_021" classname="Test.AudienceTest">
    <skipped/>
  </testcase> <!-- validateTC_AG_021 -->
  <testcase name="vaidateTC_AG_022" classname="Test.AudienceTest">
    <skipped/>
  </testcase> <!-- vaidateTC_AG_022 -->
  <testcase name="vaidateTC_AG_011" classname="Test.AudienceTest">
    <skipped/>
  </testcase> <!-- vaidateTC_AG_011 -->
  <testcase name="vaidateTC_AG_023" classname="Test.AudienceTest">
    <skipped/>
  </testcase> <!-- vaidateTC_AG_023 -->
  <testcase name="validateTC_AP_064" classname="Test.AudienceTest">
    <skipped/>
  </testcase> <!-- validateTC_AP_064 -->
  <testcase name="vaidateTC_AG_025" classname="Test.AudienceTest">
    <skipped/>
  </testcase> <!-- vaidateTC_AG_025 -->
</testsuite> <!-- Test.AudienceTest -->
