<?xml version="1.0" encoding="UTF-8"?>
<!-- Generated by org.testng.reporters.JUnitReportReporter -->
<testsuite skipped="0" hostname="SANGEETHA-PC" name="Test.NotificationTest" tests="2" failures="0" timestamp="19 Aug 2020 14:30:56 GMT" time="162.795" errors="0">
  <testcase name="validateTC_N_007" time="77.479" classname="Test.NotificationTest"/>
  <testcase name="validateTC_N_015" time="85.316" classname="Test.NotificationTest"/>
</testsuite> <!-- Test.NotificationTest -->
