<?xml version="1.0" encoding="UTF-8"?>
<!-- Generated by org.testng.reporters.JUnitReportReporter -->
<testsuite skipped="0" hostname="SANGEETHA-PC" name="Test.AudienceTest" tests="1" failures="0" timestamp="31 Jul 2020 14:26:32 GMT" time="83.854" errors="0">
  <testcase name="validateTC_AP_029" time="83.854" classname="Test.AudienceTest"/>
</testsuite> <!-- Test.AudienceTest -->
