<?xml version="1.0" encoding="UTF-8"?>
<!-- Generated by org.testng.reporters.JUnitReportReporter -->
<testsuite skipped="0" hostname="SANGEETHA-PC" name="Test.AudienceTest" tests="1" failures="0" timestamp="27 Jul 2020 11:59:16 GMT" time="72.414" errors="0">
  <testcase name="executePollsTestCases" time="72.414" classname="Test.AudienceTest"/>
</testsuite> <!-- Test.AudienceTest -->
