<?xml version="1.0" encoding="UTF-8"?>
<!-- Generated by org.testng.reporters.JUnitReportReporter -->
<testsuite skipped="0" hostname="SANGEETHA-PC" name="TestPage" tests="1" failures="0" timestamp="15 May 2020 13:51:59 GMT" time="18.549" errors="0">
  <testcase name="setUp" time="18.549" classname="TestPage"/>
</testsuite> <!-- TestPage -->
