<?xml version="1.0" encoding="UTF-8"?>
<!-- Generated by org.testng.reporters.JUnitReportReporter -->
<testsuite skipped="0" hostname="SANGEETHA-PC" name="Test.CampusNewsTest" tests="1" failures="0" timestamp="03 Jun 2020 07:51:47 GMT" time="58.309" errors="0">
  <testcase name="executeCampusNewsTestCases" time="58.309" classname="Test.CampusNewsTest"/>
</testsuite> <!-- Test.CampusNewsTest -->
