<?xml version="1.0" encoding="UTF-8"?>
<!-- Generated by org.testng.reporters.JUnitReportReporter -->
<testsuite skipped="0" hostname="SANGEETHA-PC" name="UsabilityTesting" tests="1" failures="0" timestamp="15 May 2020 18:56:06 GMT" time="113.636" errors="0">
  <testcase name="setUp" time="113.636" classname="UsabilityTesting"/>
</testsuite> <!-- UsabilityTesting -->
